<?xml version="1.0" encoding="UTF-8"?>
<!-- Generated by org.testng.reporters.JUnitXMLReporter -->
<testsuite hostname="PC235407" name="IETest" tests="1" failures="1" timestamp="21 Jul 2017 10:56:59 GMT" time="34.017" errors="0">
  <testcase name="f" time="30.249" classname="tutorial.selenium.PageObjectModel">
    <failure type="org.openqa.selenium.TimeoutException" message="Timed out after 10 seconds waiting for visibility of element located by By.id: tab-flight-tab
Build info: version: &amp;apos;2.53.1&amp;apos;, revision: &amp;apos;a36b8b1cd5757287168e54b817830adce9b0158d&amp;apos;, time: &amp;apos;2016-06-30 19:26:09&amp;apos;
System info: host: &amp;apos;PC235407&amp;apos;, ip: &amp;apos;10.227.13.52&amp;apos;, os.name: &amp;apos;Windows 7&amp;apos;, os.arch: &amp;apos;amd64&amp;apos;, os.version: &amp;apos;6.1&amp;apos;, java.version: &amp;apos;1.8.0_102&amp;apos;
Driver info: org.openqa.selenium.ie.InternetExplorerDriver
Capabilities [{browserAttachTimeout=0, ie.enableFullPageScreenshot=true, enablePersistentHover=true, ie.forceCreateProcessApi=false, ie.forceShellWindowsApi=false, pageLoadStrategy=normal, ignoreZoomSetting=false, ie.fileUploadDialogTimeout=3000, version=11, platform=WINDOWS, nativeEvents=true, ie.ensureCleanSession=false, elementScrollBehavior=0, ie.browserCommandLineSwitches=, requireWindowFocus=false, browserName=internet explorer, initialBrowserUrl=http://localhost:33552/, javascriptEnabled=true, ignoreProtectedModeSettings=true, enableElementCacheCleanup=true, unexpectedAlertBehaviour=dismiss}]
Session ID: 5e31d0dc-5214-4cca-b9fa-3abb4175ea65">
      <![CDATA[org.openqa.selenium.TimeoutException: Timed out after 10 seconds waiting for visibility of element located by By.id: tab-flight-tab
Build info: version: '2.53.1', revision: 'a36b8b1cd5757287168e54b817830adce9b0158d', time: '2016-06-30 19:26:09'
System info: host: 'PC235407', ip: '10.227.13.52', os.name: 'Windows 7', os.arch: 'amd64', os.version: '6.1', java.version: '1.8.0_102'
Driver info: org.openqa.selenium.ie.InternetExplorerDriver
Capabilities [{browserAttachTimeout=0, ie.enableFullPageScreenshot=true, enablePersistentHover=true, ie.forceCreateProcessApi=false, ie.forceShellWindowsApi=false, pageLoadStrategy=normal, ignoreZoomSetting=false, ie.fileUploadDialogTimeout=3000, version=11, platform=WINDOWS, nativeEvents=true, ie.ensureCleanSession=false, elementScrollBehavior=0, ie.browserCommandLineSwitches=, requireWindowFocus=false, browserName=internet explorer, initialBrowserUrl=http://localhost:33552/, javascriptEnabled=true, ignoreProtectedModeSettings=true, enableElementCacheCleanup=true, unexpectedAlertBehaviour=dismiss}]
Session ID: 5e31d0dc-5214-4cca-b9fa-3abb4175ea65
	at org.openqa.selenium.support.ui.WebDriverWait.timeoutException(WebDriverWait.java:80)
	at org.openqa.selenium.support.ui.FluentWait.until(FluentWait.java:261)
	at pageclasses.SearchPage.ClickOnFlightstab(SearchPage.java:34)
	at tutorial.selenium.PageObjectModel.f(PageObjectModel.java:74)
Caused by: org.openqa.selenium.NoSuchElementException: Unable to find element with id == tab-flight-tab (WARNING: The server did not provide any stacktrace information)
Command duration or timeout: 30.08 seconds
For documentation on this error, please visit: http://seleniumhq.org/exceptions/no_such_element.html
Build info: version: '2.53.1', revision: 'a36b8b1cd5757287168e54b817830adce9b0158d', time: '2016-06-30 19:26:09'
System info: host: 'PC235407', ip: '10.227.13.52', os.name: 'Windows 7', os.arch: 'amd64', os.version: '6.1', java.version: '1.8.0_102'
Driver info: org.openqa.selenium.ie.InternetExplorerDriver
Capabilities [{browserAttachTimeout=0, ie.enableFullPageScreenshot=true, enablePersistentHover=true, ie.forceCreateProcessApi=false, ie.forceShellWindowsApi=false, pageLoadStrategy=normal, ignoreZoomSetting=false, ie.fileUploadDialogTimeout=3000, version=11, platform=WINDOWS, nativeEvents=true, ie.ensureCleanSession=false, elementScrollBehavior=0, ie.browserCommandLineSwitches=, requireWindowFocus=false, browserName=internet explorer, initialBrowserUrl=http://localhost:33552/, javascriptEnabled=true, ignoreProtectedModeSettings=true, enableElementCacheCleanup=true, unexpectedAlertBehaviour=dismiss}]
Session ID: 5e31d0dc-5214-4cca-b9fa-3abb4175ea65
*** Element info: {Using=id, value=tab-flight-tab}
	at org.openqa.selenium.remote.ErrorHandler.createThrowable(ErrorHandler.java:206)
	at org.openqa.selenium.remote.ErrorHandler.throwIfResponseFailed(ErrorHandler.java:158)
	at org.openqa.selenium.remote.RemoteWebDriver.execute(RemoteWebDriver.java:678)
	at org.openqa.selenium.remote.RemoteWebDriver.findElement(RemoteWebDriver.java:363)
	at org.openqa.selenium.remote.RemoteWebDriver.findElementById(RemoteWebDriver.java:413)
	at org.openqa.selenium.By$ById.findElement(By.java:218)
	at org.openqa.selenium.remote.RemoteWebDriver.findElement(RemoteWebDriver.java:355)
	at org.openqa.selenium.support.ui.ExpectedConditions.findElement(ExpectedConditions.java:899)
	at org.openqa.selenium.support.ui.ExpectedConditions.access$0(ExpectedConditions.java:897)
	at org.openqa.selenium.support.ui.ExpectedConditions$7.apply(ExpectedConditions.java:205)
	at org.openqa.selenium.support.ui.ExpectedConditions$7.apply(ExpectedConditions.java:1)
	at org.openqa.selenium.support.ui.FluentWait.until(FluentWait.java:238)
	... 26 more
... Removed 28 stack frames]]>
    </failure>
  </testcase> <!-- f -->
</testsuite> <!-- IETest -->
