<?xml version="1.0" encoding="UTF-8"?>
<!-- Generated by org.testng.reporters.JUnitXMLReporter -->
<testsuite hostname="PC235407" name="Test" tests="1" failures="0" timestamp="25 Jul 2017 07:25:32 GMT" time="0.036" errors="0">
  <testcase name="@BeforeTest SetUp" time="0.0" classname="pageclasses.NewTest">
    <failure type="org.testng.TestNGException" message="
Parameter &amp;apos;browsers&amp;apos; is required by @Configuration on method SetUp but has not been marked @Optional or defined
in D:\NewWorkSpace_Eclipse\LearningSelenium\src\pageclasses\amazon.xml">
      <![CDATA[org.testng.TestNGException: 
Parameter 'browsers' is required by @Configuration on method SetUp but has not been marked @Optional or defined
in D:\NewWorkSpace_Eclipse\LearningSelenium\src\pageclasses\amazon.xml
... Removed 19 stack frames]]>
    </failure>
  </testcase> <!-- @BeforeTest SetUp -->
  <testcase name="@AfterTest afterClass" time="0.0" classname="pageclasses.NewTest">
    <skipped/>
  </testcase> <!-- @AfterTest afterClass -->
  <testcase name="f" time="0.006" classname="pageclasses.NewTest">
    <skipped/>
  </testcase> <!-- f -->
</testsuite> <!-- Test -->
