<?xml version="1.0" encoding="UTF-8"?>
<testng-results skipped="0" failed="0" total="1" passed="1">
  <reporter-output>
  </reporter-output>
  <suite name="Default suite" duration-ms="44" started-at="2017-05-10T11:05:50Z" finished-at="2017-05-10T11:05:50Z">
    <groups>
    </groups>
    <test name="Default test" duration-ms="44" started-at="2017-05-10T11:05:50Z" finished-at="2017-05-10T11:05:50Z">
      <class name="newpackage.NewTest">
        <test-method status="PASS" signature="beforeClass()[pri:0, instance:newpackage.NewTest@cc285f4]" name="beforeClass" is-config="true" duration-ms="15" started-at="2017-05-10T16:35:50Z" finished-at="2017-05-10T16:35:50Z">
          <reporter-output>
          </reporter-output>
        </test-method> <!-- beforeClass -->
        <test-method status="PASS" signature="f()[pri:0, instance:newpackage.NewTest@cc285f4]" name="f" duration-ms="8" started-at="2017-05-10T16:35:50Z" finished-at="2017-05-10T16:35:50Z">
          <reporter-output>
          </reporter-output>
        </test-method> <!-- f -->
        <test-method status="PASS" signature="afterClass()[pri:0, instance:newpackage.NewTest@cc285f4]" name="afterClass" is-config="true" duration-ms="0" started-at="2017-05-10T16:35:50Z" finished-at="2017-05-10T16:35:50Z">
          <reporter-output>
          </reporter-output>
        </test-method> <!-- afterClass -->
      </class> <!-- newpackage.NewTest -->
    </test> <!-- Default test -->
  </suite> <!-- Default suite -->
</testng-results>
